<?xml version="1.0" encoding="UTF-8"?>
<testsuite xmlns:xsi="http://www.w3.org/2001/XMLSchema-instance" xsi:noNamespaceSchemaLocation="https://maven.apache.org/surefire/maven-surefire-plugin/xsd/surefire-test-report.xsd" version="3.0.2" name="TestSuite" time="1.444" tests="2" errors="0" skipped="0" failures="0">
  <properties>
[...]
</properties>
  <testcase name="printMsg" classname="TestNGClasses.BaseClass" time="0.006">
    <system-out><![CDATA[This is before suite()
This is before test()
This is Before Class()
This is before method()
This is Test()
]]></system-out>
    <system-err><![CDATA[SLF4J(W): No SLF4J providers were found.
SLF4J(W): Defaulting to no-operation (NOP) logger implementation
SLF4J(W): See https://www.slf4j.org/codes.html#noProviders for further details.
]]></system-err>
  </testcase>
  <testcase name="printMsg1" classname="TestNGClasses.BaseClass" time="0.001">
    <system-out><![CDATA[This is after method()
This is before method()
This is Test1()
]]></system-out>
  </testcase>
</testsuite>